<?xml version="1.0" encoding="UTF-8"?>
<!-- Generated by org.testng.reporters.JUnitXMLReporter -->
<testsuite ignored="0" hostname="rohit" failures="3" tests="6" name="Test" time="68.39" errors="0" timestamp="2026-06-07T12:52:33 IST">
  <testcase classname="testCases.TC01_registerAccount" name="verify_account_registration" time="2.469"/>
  <testcase classname="testCases.TC02_loginAccount" name="loginAccount" time="0.018">
    <failure type="java.lang.AssertionError" message="null">
      <![CDATA[java.lang.AssertionError: null
at testCases.TC02_loginAccount.loginAccount(TC02_loginAccount.java:47)
at java.base/java.util.ArrayList.forEach(ArrayList.java:1596)
... Removed 27 stack frames]]>
    </failure>
  </testcase> <!-- loginAccount -->
  <testcase classname="testCases.TC03_LoginDDT" name="verify_loginDDT" time="2.744"/>
  <testcase classname="testCases.TC03_LoginDDT" name="verify_loginDDT" time="21.246">
    <failure type="java.lang.AssertionError" message="null">
      <![CDATA[java.lang.AssertionError: null
at testCases.TC03_LoginDDT.verify_loginDDT(TC03_LoginDDT.java:59)
at java.base/java.util.ArrayList.forEach(ArrayList.java:1596)
... Removed 27 stack frames]]>
    </failure>
  </testcase> <!-- verify_loginDDT -->
  <testcase classname="testCases.TC03_LoginDDT" name="verify_loginDDT" time="20.66">
    <failure type="java.lang.AssertionError" message="null">
      <![CDATA[java.lang.AssertionError: null
at testCases.TC03_LoginDDT.verify_loginDDT(TC03_LoginDDT.java:59)
at java.base/java.util.ArrayList.forEach(ArrayList.java:1596)
... Removed 27 stack frames]]>
    </failure>
  </testcase> <!-- verify_loginDDT -->
  <testcase classname="testCases.TC03_LoginDDT" name="verify_loginDDT" time="3.001"/>
</testsuite> <!-- Test -->
