<?xml version="1.0" encoding="UTF-8"?>
<!-- Generated by org.testng.reporters.JUnitXMLReporter -->
<testsuite ignored="0" hostname="rohit" failures="2" tests="6" name="Test" time="88.731" errors="0" timestamp="2026-06-08T21:11:35 IST">
  <testcase classname="testCases.TC01_registerAccount" name="verify_account_registration" time="4.841"/>
  <testcase classname="testCases.TC02_loginAccount" name="loginAccount" time="2.087"/>
  <testcase classname="testCases.TC03_LoginDDT" name="verify_loginDDT" time="2.358"/>
  <testcase classname="testCases.TC03_LoginDDT" name="verify_loginDDT" time="21.868">
    <failure type="java.lang.AssertionError" message="null">
      <![CDATA[java.lang.AssertionError: null
at testCases.TC03_LoginDDT.verify_loginDDT(TC03_LoginDDT.java:59)
at java.base/java.util.ArrayList.forEach(ArrayList.java:1604)
... Removed 31 stack frames]]>
    </failure>
  </testcase> <!-- verify_loginDDT -->
  <testcase classname="testCases.TC03_LoginDDT" name="verify_loginDDT" time="21.733">
    <failure type="java.lang.AssertionError" message="null">
      <![CDATA[java.lang.AssertionError: null
at testCases.TC03_LoginDDT.verify_loginDDT(TC03_LoginDDT.java:59)
at java.base/java.util.ArrayList.forEach(ArrayList.java:1604)
... Removed 31 stack frames]]>
    </failure>
  </testcase> <!-- verify_loginDDT -->
  <testcase classname="testCases.TC03_LoginDDT" name="verify_loginDDT" time="3.261"/>
</testsuite> <!-- Test -->
